[debug] [2026-01-21T09:26:30.802Z] ----------------------------------------------------------------------
[debug] [2026-01-21T09:26:30.804Z] Command:       C:\Program Files\nodejs\node.exe C:\Users\pooja\AppData\Roaming\npm\node_modules\firebase-tools\lib\bin\firebase.js init hosting
[debug] [2026-01-21T09:26:30.804Z] CLI Version:   15.3.1
[debug] [2026-01-21T09:26:30.804Z] Platform:      win32
[debug] [2026-01-21T09:26:30.804Z] Node Version:  v20.12.2
[debug] [2026-01-21T09:26:30.804Z] Time:          Wed Jan 21 2026 14:56:30 GMT+0530 (India Standard Time)
[debug] [2026-01-21T09:26:30.804Z] ----------------------------------------------------------------------
[debug] 
[info] 
     ######## #### ########  ######## ########     ###     ######  ########
     ##        ##  ##     ## ##       ##     ##  ##   ##  ##       ##
     ######    ##  ########  ######   ########  #########  ######  ######
     ##        ##  ##    ##  ##       ##     ## ##     ##       ## ##
     ##       #### ##     ## ######## ########  ##     ##  ######  ########

You're about to initialize a Firebase project in this directory:

  C:\Users\pooja\OneDrive\Desktop\eco wallet

[info] 
=== Project Setup
[info] 
[info] First, let's associate this project directory with a Firebase project.
[info] You can create multiple project aliases by running firebase use --add, 
[info] 
[debug] [2026-01-21T09:26:36.992Z] > command requires scopes: ["email","openid","https://www.googleapis.com/auth/cloudplatformprojects.readonly","https://www.googleapis.com/auth/firebase","https://www.googleapis.com/auth/cloud-platform"]
[debug] [2026-01-21T09:26:36.993Z] > authorizing via signed-in user (poojakrishnas2005@gmail.com)
[debug] [2026-01-21T09:26:36.995Z] Checked if tokens are valid: true, expires at: 1768991002508
[debug] [2026-01-21T09:26:36.995Z] Checked if tokens are valid: true, expires at: 1768991002508
[debug] [2026-01-21T09:26:36.997Z] >>> [apiv2][query] GET https://firebase.googleapis.com/v1beta1/projects pageSize=100
[debug] [2026-01-21T09:26:40.045Z] <<< [apiv2][status] GET https://firebase.googleapis.com/v1beta1/projects 200
[debug] [2026-01-21T09:26:40.046Z] <<< [apiv2][body] GET https://firebase.googleapis.com/v1beta1/projects [omitted]
[info] 
=== Hosting Setup
[debug] [2026-01-21T09:27:04.337Z] Checked if tokens are valid: true, expires at: 1768991002508
[debug] [2026-01-21T09:27:04.337Z] Checked if tokens are valid: true, expires at: 1768991002508
[debug] [2026-01-21T09:27:04.337Z] >>> [apiv2][query] GET https://firebase.googleapis.com/v1beta1/projects/digilaw-f9d0e [none]
[debug] [2026-01-21T09:27:05.914Z] <<< [apiv2][status] GET https://firebase.googleapis.com/v1beta1/projects/digilaw-f9d0e 200
[debug] [2026-01-21T09:27:05.915Z] <<< [apiv2][body] GET https://firebase.googleapis.com/v1beta1/projects/digilaw-f9d0e {"projectId":"digilaw-f9d0e","projectNumber":"949282760111","displayName":"DigiLaw","name":"projects/digilaw-f9d0e","resources":{"hostingSite":"digilaw-f9d0e","realtimeDatabaseInstance":"digilaw-f9d0e-default-rtdb"},"state":"ACTIVE","etag":"1_bb614cbc-b95e-44ee-b833-a36a20928b29"}
[info] 
[info] Your public directory is the folder (relative to your project directory) that
[info] will contain Hosting assets to be uploaded with firebase deploy. If you
[info] have a build process for your assets, use your build's output directory.
[info] 
[info] 
[info] i  Didn't detect a .git folder. Assuming C:\Users\pooja\OneDrive\Desktop\eco wallet is the project root. 
[info] i  Authorizing with GitHub to upload your service account to a GitHub repository's secrets store. 
[info] 
[info] Visit this URL on this device to log in:
[info] https://github.com/login/oauth/authorize?client_id=89cf50f02ac6aaed3484&state=347159923&redirect_uri=http%3A%2F%2Flocalhost%3A9005&scope=read%3Auser%20repo%20public_repo
[info] 
[info] Waiting for authentication...
